[2023-09-23 18:20:11] local.ERROR: The /Users/wesson/projects/kolizey/.runtime/cache directory must be present and writable. {"exception":"[object] (Exception(code: 0): The /Users/wesson/projects/kolizey/.runtime/cache directory must be present and writable. at /Users/wesson/projects/kolizey/vendor/laravel/framework/src/Illuminate/Foundation/PackageManifest.php:178)
[stacktrace]
#0 /Users/wesson/projects/kolizey/vendor/laravel/framework/src/Illuminate/Foundation/PackageManifest.php(131): Illuminate\\Foundation\\PackageManifest->write(Array)
#1 /Users/wesson/projects/kolizey/vendor/laravel/framework/src/Illuminate/Foundation/PackageManifest.php(107): Illuminate\\Foundation\\PackageManifest->build()
#2 /Users/wesson/projects/kolizey/vendor/laravel/framework/src/Illuminate/Foundation/PackageManifest.php(90): Illuminate\\Foundation\\PackageManifest->getManifest()
#3 /Users/wesson/projects/kolizey/vendor/laravel/framework/src/Illuminate/Foundation/PackageManifest.php(79): Illuminate\\Foundation\\PackageManifest->config('aliases')
#4 /Users/wesson/projects/kolizey/vendor/laravel/framework/src/Illuminate/Foundation/Bootstrap/RegisterFacades.php(26): Illuminate\\Foundation\\PackageManifest->aliases()
#5 /Users/wesson/projects/kolizey/vendor/laravel/framework/src/Illuminate/Foundation/Application.php(261): Illuminate\\Foundation\\Bootstrap\\RegisterFacades->bootstrap(Object(Illuminate\\Foundation\\Application))
#6 /Users/wesson/projects/kolizey/vendor/laravel/framework/src/Illuminate/Foundation/Console/Kernel.php(447): Illuminate\\Foundation\\Application->bootstrapWith(Array)
#7 /Users/wesson/projects/kolizey/vendor/laravel/framework/src/Illuminate/Foundation/Console/Kernel.php(199): Illuminate\\Foundation\\Console\\Kernel->bootstrap()
#8 Command line code(1): Illuminate\\Foundation\\Console\\Kernel->handle(Object(Symfony\\Component\\Console\\Input\\ArgvInput), Object(Symfony\\Component\\Console\\Output\\ConsoleOutput))
#9 {main}
"} 
[2023-09-23 18:20:11] local.ERROR: The /Users/wesson/projects/kolizey/.runtime/cache directory must be present and writable. {"exception":"[object] (Exception(code: 0): The /Users/wesson/projects/kolizey/.runtime/cache directory must be present and writable. at /Users/wesson/projects/kolizey/vendor/laravel/framework/src/Illuminate/Foundation/PackageManifest.php:178)
[stacktrace]
#0 /Users/wesson/projects/kolizey/vendor/laravel/framework/src/Illuminate/Foundation/PackageManifest.php(131): Illuminate\\Foundation\\PackageManifest->write(Array)
#1 /Users/wesson/projects/kolizey/vendor/laravel/framework/src/Illuminate/Foundation/PackageManifest.php(107): Illuminate\\Foundation\\PackageManifest->build()
#2 /Users/wesson/projects/kolizey/vendor/laravel/framework/src/Illuminate/Foundation/PackageManifest.php(90): Illuminate\\Foundation\\PackageManifest->getManifest()
#3 /Users/wesson/projects/kolizey/vendor/laravel/framework/src/Illuminate/Foundation/PackageManifest.php(79): Illuminate\\Foundation\\PackageManifest->config('aliases')
#4 /Users/wesson/projects/kolizey/vendor/laravel/framework/src/Illuminate/Foundation/Bootstrap/RegisterFacades.php(26): Illuminate\\Foundation\\PackageManifest->aliases()
#5 /Users/wesson/projects/kolizey/vendor/laravel/framework/src/Illuminate/Foundation/Application.php(261): Illuminate\\Foundation\\Bootstrap\\RegisterFacades->bootstrap(Object(Illuminate\\Foundation\\Application))
#6 /Users/wesson/projects/kolizey/vendor/laravel/framework/src/Illuminate/Foundation/Console/Kernel.php(447): Illuminate\\Foundation\\Application->bootstrapWith(Array)
#7 /Users/wesson/projects/kolizey/vendor/laravel/framework/src/Illuminate/Foundation/Console/Kernel.php(199): Illuminate\\Foundation\\Console\\Kernel->bootstrap()
#8 Command line code(1): Illuminate\\Foundation\\Console\\Kernel->handle(Object(Symfony\\Component\\Console\\Input\\ArgvInput), Object(Symfony\\Component\\Console\\Output\\ConsoleOutput))
#9 {main}
"} 
[2023-09-23 18:20:11] local.ERROR: Uncaught Illuminate\Contracts\Container\BindingResolutionException: Target [Illuminate\Contracts\Auth\Access\Gate] is not instantiable. in /Users/wesson/projects/kolizey/vendor/laravel/framework/src/Illuminate/Container/Container.php:1126
Stack trace:
#0 /Users/wesson/projects/kolizey/vendor/laravel/framework/src/Illuminate/Container/Container.php(921): Illuminate\Container\Container->notInstantiable('Illuminate\\Cont...')
#1 /Users/wesson/projects/kolizey/vendor/laravel/framework/src/Illuminate/Container/Container.php(795): Illuminate\Container\Container->build('Illuminate\\Cont...')
#2 /Users/wesson/projects/kolizey/vendor/laravel/framework/src/Illuminate/Foundation/Application.php(937): Illuminate\Container\Container->resolve('Illuminate\\Cont...', Array, true)
#3 /Users/wesson/projects/kolizey/vendor/laravel/framework/src/Illuminate/Container/Container.php(731): Illuminate\Foundation\Application->resolve('Illuminate\\Cont...', Array)
#4 /Users/wesson/projects/kolizey/vendor/laravel/framework/src/Illuminate/Foundation/Application.php(922): Illuminate\Container\Container->make('Illuminate\\Cont...', Array)
#5 /Users/wesson/projects/kolizey/vendor/laravel/framework/src/Illuminate/Container/Container.php(1454): Illuminate\Foundation\Application->make('Illuminate\\Cont...')
#6 /Users/wesson/projects/kolizey/vendor/laravel/framework/src/Illuminate/Support/Facades/Facade.php(236): Illuminate\Container\Container->offsetGet('Illuminate\\Cont...')
#7 /Users/wesson/projects/kolizey/vendor/laravel/framework/src/Illuminate/Support/Facades/Facade.php(207): Illuminate\Support\Facades\Facade::resolveFacadeInstance('Illuminate\\Cont...')
#8 /Users/wesson/projects/kolizey/vendor/laravel/framework/src/Illuminate/Support/Facades/Facade.php(347): Illuminate\Support\Facades\Facade::getFacadeRoot()
#9 Command line code(1): Illuminate\Support\Facades\Facade::__callStatic('abilities', Array)
#10 {main}
  thrown {"exception":"[object] (Symfony\\Component\\ErrorHandler\\Error\\FatalError(code: 0): Uncaught Illuminate\\Contracts\\Container\\BindingResolutionException: Target [Illuminate\\Contracts\\Auth\\Access\\Gate] is not instantiable. in /Users/wesson/projects/kolizey/vendor/laravel/framework/src/Illuminate/Container/Container.php:1126
Stack trace:
#0 /Users/wesson/projects/kolizey/vendor/laravel/framework/src/Illuminate/Container/Container.php(921): Illuminate\\Container\\Container->notInstantiable('Illuminate\\\\Cont...')
#1 /Users/wesson/projects/kolizey/vendor/laravel/framework/src/Illuminate/Container/Container.php(795): Illuminate\\Container\\Container->build('Illuminate\\\\Cont...')
#2 /Users/wesson/projects/kolizey/vendor/laravel/framework/src/Illuminate/Foundation/Application.php(937): Illuminate\\Container\\Container->resolve('Illuminate\\\\Cont...', Array, true)
#3 /Users/wesson/projects/kolizey/vendor/laravel/framework/src/Illuminate/Container/Container.php(731): Illuminate\\Foundation\\Application->resolve('Illuminate\\\\Cont...', Array)
#4 /Users/wesson/projects/kolizey/vendor/laravel/framework/src/Illuminate/Foundation/Application.php(922): Illuminate\\Container\\Container->make('Illuminate\\\\Cont...', Array)
#5 /Users/wesson/projects/kolizey/vendor/laravel/framework/src/Illuminate/Container/Container.php(1454): Illuminate\\Foundation\\Application->make('Illuminate\\\\Cont...')
#6 /Users/wesson/projects/kolizey/vendor/laravel/framework/src/Illuminate/Support/Facades/Facade.php(236): Illuminate\\Container\\Container->offsetGet('Illuminate\\\\Cont...')
#7 /Users/wesson/projects/kolizey/vendor/laravel/framework/src/Illuminate/Support/Facades/Facade.php(207): Illuminate\\Support\\Facades\\Facade::resolveFacadeInstance('Illuminate\\\\Cont...')
#8 /Users/wesson/projects/kolizey/vendor/laravel/framework/src/Illuminate/Support/Facades/Facade.php(347): Illuminate\\Support\\Facades\\Facade::getFacadeRoot()
#9 Command line code(1): Illuminate\\Support\\Facades\\Facade::__callStatic('abilities', Array)
#10 {main}
  thrown at /Users/wesson/projects/kolizey/vendor/laravel/framework/src/Illuminate/Container/Container.php:1126)
[stacktrace]
#0 {main}
"} 
[2023-09-23 18:20:18] local.ERROR: The /Users/wesson/projects/kolizey/.runtime/cache directory must be present and writable. {"exception":"[object] (Exception(code: 0): The /Users/wesson/projects/kolizey/.runtime/cache directory must be present and writable. at /Users/wesson/projects/kolizey/vendor/laravel/framework/src/Illuminate/Foundation/PackageManifest.php:178)
[stacktrace]
#0 /Users/wesson/projects/kolizey/vendor/laravel/framework/src/Illuminate/Foundation/PackageManifest.php(131): Illuminate\\Foundation\\PackageManifest->write(Array)
#1 /Users/wesson/projects/kolizey/vendor/laravel/framework/src/Illuminate/Foundation/PackageManifest.php(107): Illuminate\\Foundation\\PackageManifest->build()
#2 /Users/wesson/projects/kolizey/vendor/laravel/framework/src/Illuminate/Foundation/PackageManifest.php(90): Illuminate\\Foundation\\PackageManifest->getManifest()
#3 /Users/wesson/projects/kolizey/vendor/laravel/framework/src/Illuminate/Foundation/PackageManifest.php(79): Illuminate\\Foundation\\PackageManifest->config('aliases')
#4 /Users/wesson/projects/kolizey/vendor/laravel/framework/src/Illuminate/Foundation/Bootstrap/RegisterFacades.php(26): Illuminate\\Foundation\\PackageManifest->aliases()
#5 /Users/wesson/projects/kolizey/vendor/laravel/framework/src/Illuminate/Foundation/Application.php(261): Illuminate\\Foundation\\Bootstrap\\RegisterFacades->bootstrap(Object(Illuminate\\Foundation\\Application))
#6 /Users/wesson/projects/kolizey/vendor/laravel/framework/src/Illuminate/Foundation/Console/Kernel.php(447): Illuminate\\Foundation\\Application->bootstrapWith(Array)
#7 /Users/wesson/projects/kolizey/vendor/laravel/framework/src/Illuminate/Foundation/Console/Kernel.php(199): Illuminate\\Foundation\\Console\\Kernel->bootstrap()
#8 Command line code(1): Illuminate\\Foundation\\Console\\Kernel->handle(Object(Symfony\\Component\\Console\\Input\\ArgvInput), Object(Symfony\\Component\\Console\\Output\\ConsoleOutput))
#9 {main}
"} 
[2023-09-23 18:20:24] local.ERROR: The /Users/wesson/projects/kolizey/.runtime/cache directory must be present and writable. {"exception":"[object] (Exception(code: 0): The /Users/wesson/projects/kolizey/.runtime/cache directory must be present and writable. at /Users/wesson/projects/kolizey/vendor/laravel/framework/src/Illuminate/Foundation/PackageManifest.php:178)
[stacktrace]
#0 /Users/wesson/projects/kolizey/vendor/laravel/framework/src/Illuminate/Foundation/PackageManifest.php(131): Illuminate\\Foundation\\PackageManifest->write(Array)
#1 /Users/wesson/projects/kolizey/vendor/laravel/framework/src/Illuminate/Foundation/PackageManifest.php(107): Illuminate\\Foundation\\PackageManifest->build()
#2 /Users/wesson/projects/kolizey/vendor/laravel/framework/src/Illuminate/Foundation/PackageManifest.php(90): Illuminate\\Foundation\\PackageManifest->getManifest()
#3 /Users/wesson/projects/kolizey/vendor/laravel/framework/src/Illuminate/Foundation/PackageManifest.php(79): Illuminate\\Foundation\\PackageManifest->config('aliases')
#4 /Users/wesson/projects/kolizey/vendor/laravel/framework/src/Illuminate/Foundation/Bootstrap/RegisterFacades.php(26): Illuminate\\Foundation\\PackageManifest->aliases()
#5 /Users/wesson/projects/kolizey/vendor/laravel/framework/src/Illuminate/Foundation/Application.php(261): Illuminate\\Foundation\\Bootstrap\\RegisterFacades->bootstrap(Object(Illuminate\\Foundation\\Application))
#6 /Users/wesson/projects/kolizey/vendor/laravel/framework/src/Illuminate/Foundation/Console/Kernel.php(447): Illuminate\\Foundation\\Application->bootstrapWith(Array)
#7 /Users/wesson/projects/kolizey/vendor/laravel/framework/src/Illuminate/Foundation/Console/Kernel.php(199): Illuminate\\Foundation\\Console\\Kernel->bootstrap()
#8 Command line code(1): Illuminate\\Foundation\\Console\\Kernel->handle(Object(Symfony\\Component\\Console\\Input\\ArgvInput), Object(Symfony\\Component\\Console\\Output\\ConsoleOutput))
#9 {main}
"} 
[2023-09-23 18:20:31] local.ERROR: The /Users/wesson/projects/kolizey/.runtime/cache directory must be present and writable. {"exception":"[object] (Exception(code: 0): The /Users/wesson/projects/kolizey/.runtime/cache directory must be present and writable. at /Users/wesson/projects/kolizey/vendor/laravel/framework/src/Illuminate/Foundation/PackageManifest.php:178)
[stacktrace]
#0 /Users/wesson/projects/kolizey/vendor/laravel/framework/src/Illuminate/Foundation/PackageManifest.php(131): Illuminate\\Foundation\\PackageManifest->write(Array)
#1 /Users/wesson/projects/kolizey/vendor/laravel/framework/src/Illuminate/Foundation/PackageManifest.php(107): Illuminate\\Foundation\\PackageManifest->build()
#2 /Users/wesson/projects/kolizey/vendor/laravel/framework/src/Illuminate/Foundation/PackageManifest.php(90): Illuminate\\Foundation\\PackageManifest->getManifest()
#3 /Users/wesson/projects/kolizey/vendor/laravel/framework/src/Illuminate/Foundation/PackageManifest.php(79): Illuminate\\Foundation\\PackageManifest->config('aliases')
#4 /Users/wesson/projects/kolizey/vendor/laravel/framework/src/Illuminate/Foundation/Bootstrap/RegisterFacades.php(26): Illuminate\\Foundation\\PackageManifest->aliases()
#5 /Users/wesson/projects/kolizey/vendor/laravel/framework/src/Illuminate/Foundation/Application.php(261): Illuminate\\Foundation\\Bootstrap\\RegisterFacades->bootstrap(Object(Illuminate\\Foundation\\Application))
#6 /Users/wesson/projects/kolizey/vendor/laravel/framework/src/Illuminate/Foundation/Console/Kernel.php(447): Illuminate\\Foundation\\Application->bootstrapWith(Array)
#7 /Users/wesson/projects/kolizey/vendor/laravel/framework/src/Illuminate/Foundation/Console/Kernel.php(199): Illuminate\\Foundation\\Console\\Kernel->bootstrap()
#8 Command line code(1): Illuminate\\Foundation\\Console\\Kernel->handle(Object(Symfony\\Component\\Console\\Input\\ArgvInput), Object(Symfony\\Component\\Console\\Output\\ConsoleOutput))
#9 {main}
"} 
[2023-09-23 18:20:37] local.ERROR: The /Users/wesson/projects/kolizey/.runtime/cache directory must be present and writable. {"exception":"[object] (Exception(code: 0): The /Users/wesson/projects/kolizey/.runtime/cache directory must be present and writable. at /Users/wesson/projects/kolizey/vendor/laravel/framework/src/Illuminate/Foundation/PackageManifest.php:178)
[stacktrace]
#0 /Users/wesson/projects/kolizey/vendor/laravel/framework/src/Illuminate/Foundation/PackageManifest.php(131): Illuminate\\Foundation\\PackageManifest->write(Array)
#1 /Users/wesson/projects/kolizey/vendor/laravel/framework/src/Illuminate/Foundation/PackageManifest.php(107): Illuminate\\Foundation\\PackageManifest->build()
#2 /Users/wesson/projects/kolizey/vendor/laravel/framework/src/Illuminate/Foundation/PackageManifest.php(90): Illuminate\\Foundation\\PackageManifest->getManifest()
#3 /Users/wesson/projects/kolizey/vendor/laravel/framework/src/Illuminate/Foundation/PackageManifest.php(79): Illuminate\\Foundation\\PackageManifest->config('aliases')
#4 /Users/wesson/projects/kolizey/vendor/laravel/framework/src/Illuminate/Foundation/Bootstrap/RegisterFacades.php(26): Illuminate\\Foundation\\PackageManifest->aliases()
#5 /Users/wesson/projects/kolizey/vendor/laravel/framework/src/Illuminate/Foundation/Application.php(261): Illuminate\\Foundation\\Bootstrap\\RegisterFacades->bootstrap(Object(Illuminate\\Foundation\\Application))
#6 /Users/wesson/projects/kolizey/vendor/laravel/framework/src/Illuminate/Foundation/Console/Kernel.php(447): Illuminate\\Foundation\\Application->bootstrapWith(Array)
#7 /Users/wesson/projects/kolizey/vendor/laravel/framework/src/Illuminate/Foundation/Console/Kernel.php(199): Illuminate\\Foundation\\Console\\Kernel->bootstrap()
#8 Command line code(1): Illuminate\\Foundation\\Console\\Kernel->handle(Object(Symfony\\Component\\Console\\Input\\ArgvInput), Object(Symfony\\Component\\Console\\Output\\ConsoleOutput))
#9 {main}
"} 
[2023-09-23 18:21:11] local.ERROR: The /Users/wesson/projects/kolizey/.runtime/cache directory must be present and writable. {"exception":"[object] (Exception(code: 0): The /Users/wesson/projects/kolizey/.runtime/cache directory must be present and writable. at /Users/wesson/projects/kolizey/vendor/laravel/framework/src/Illuminate/Foundation/PackageManifest.php:178)
[stacktrace]
#0 /Users/wesson/projects/kolizey/vendor/laravel/framework/src/Illuminate/Foundation/PackageManifest.php(131): Illuminate\\Foundation\\PackageManifest->write(Array)
#1 /Users/wesson/projects/kolizey/vendor/laravel/framework/src/Illuminate/Foundation/PackageManifest.php(107): Illuminate\\Foundation\\PackageManifest->build()
#2 /Users/wesson/projects/kolizey/vendor/laravel/framework/src/Illuminate/Foundation/PackageManifest.php(90): Illuminate\\Foundation\\PackageManifest->getManifest()
#3 /Users/wesson/projects/kolizey/vendor/laravel/framework/src/Illuminate/Foundation/PackageManifest.php(79): Illuminate\\Foundation\\PackageManifest->config('aliases')
#4 /Users/wesson/projects/kolizey/vendor/laravel/framework/src/Illuminate/Foundation/Bootstrap/RegisterFacades.php(26): Illuminate\\Foundation\\PackageManifest->aliases()
#5 /Users/wesson/projects/kolizey/vendor/laravel/framework/src/Illuminate/Foundation/Application.php(261): Illuminate\\Foundation\\Bootstrap\\RegisterFacades->bootstrap(Object(Illuminate\\Foundation\\Application))
#6 /Users/wesson/projects/kolizey/vendor/laravel/framework/src/Illuminate/Foundation/Console/Kernel.php(447): Illuminate\\Foundation\\Application->bootstrapWith(Array)
#7 /Users/wesson/projects/kolizey/vendor/laravel/framework/src/Illuminate/Foundation/Console/Kernel.php(199): Illuminate\\Foundation\\Console\\Kernel->bootstrap()
#8 Command line code(1): Illuminate\\Foundation\\Console\\Kernel->handle(Object(Symfony\\Component\\Console\\Input\\ArgvInput), Object(Symfony\\Component\\Console\\Output\\ConsoleOutput))
#9 {main}
"} 
[2023-09-23 18:21:11] local.ERROR: The /Users/wesson/projects/kolizey/.runtime/cache directory must be present and writable. {"exception":"[object] (Exception(code: 0): The /Users/wesson/projects/kolizey/.runtime/cache directory must be present and writable. at /Users/wesson/projects/kolizey/vendor/laravel/framework/src/Illuminate/Foundation/PackageManifest.php:178)
[stacktrace]
#0 /Users/wesson/projects/kolizey/vendor/laravel/framework/src/Illuminate/Foundation/PackageManifest.php(131): Illuminate\\Foundation\\PackageManifest->write(Array)
#1 /Users/wesson/projects/kolizey/vendor/laravel/framework/src/Illuminate/Foundation/PackageManifest.php(107): Illuminate\\Foundation\\PackageManifest->build()
#2 /Users/wesson/projects/kolizey/vendor/laravel/framework/src/Illuminate/Foundation/PackageManifest.php(90): Illuminate\\Foundation\\PackageManifest->getManifest()
#3 /Users/wesson/projects/kolizey/vendor/laravel/framework/src/Illuminate/Foundation/PackageManifest.php(79): Illuminate\\Foundation\\PackageManifest->config('aliases')
#4 /Users/wesson/projects/kolizey/vendor/laravel/framework/src/Illuminate/Foundation/Bootstrap/RegisterFacades.php(26): Illuminate\\Foundation\\PackageManifest->aliases()
#5 /Users/wesson/projects/kolizey/vendor/laravel/framework/src/Illuminate/Foundation/Application.php(261): Illuminate\\Foundation\\Bootstrap\\RegisterFacades->bootstrap(Object(Illuminate\\Foundation\\Application))
#6 /Users/wesson/projects/kolizey/vendor/laravel/framework/src/Illuminate/Foundation/Console/Kernel.php(447): Illuminate\\Foundation\\Application->bootstrapWith(Array)
#7 /Users/wesson/projects/kolizey/vendor/laravel/framework/src/Illuminate/Foundation/Console/Kernel.php(199): Illuminate\\Foundation\\Console\\Kernel->bootstrap()
#8 Command line code(1): Illuminate\\Foundation\\Console\\Kernel->handle(Object(Symfony\\Component\\Console\\Input\\ArgvInput), Object(Symfony\\Component\\Console\\Output\\ConsoleOutput))
#9 {main}
"} 
[2023-09-23 18:21:11] local.ERROR: Uncaught Illuminate\Contracts\Container\BindingResolutionException: Target [Illuminate\Contracts\Auth\Access\Gate] is not instantiable. in /Users/wesson/projects/kolizey/vendor/laravel/framework/src/Illuminate/Container/Container.php:1126
Stack trace:
#0 /Users/wesson/projects/kolizey/vendor/laravel/framework/src/Illuminate/Container/Container.php(921): Illuminate\Container\Container->notInstantiable('Illuminate\\Cont...')
#1 /Users/wesson/projects/kolizey/vendor/laravel/framework/src/Illuminate/Container/Container.php(795): Illuminate\Container\Container->build('Illuminate\\Cont...')
#2 /Users/wesson/projects/kolizey/vendor/laravel/framework/src/Illuminate/Foundation/Application.php(937): Illuminate\Container\Container->resolve('Illuminate\\Cont...', Array, true)
#3 /Users/wesson/projects/kolizey/vendor/laravel/framework/src/Illuminate/Container/Container.php(731): Illuminate\Foundation\Application->resolve('Illuminate\\Cont...', Array)
#4 /Users/wesson/projects/kolizey/vendor/laravel/framework/src/Illuminate/Foundation/Application.php(922): Illuminate\Container\Container->make('Illuminate\\Cont...', Array)
#5 /Users/wesson/projects/kolizey/vendor/laravel/framework/src/Illuminate/Container/Container.php(1454): Illuminate\Foundation\Application->make('Illuminate\\Cont...')
#6 /Users/wesson/projects/kolizey/vendor/laravel/framework/src/Illuminate/Support/Facades/Facade.php(236): Illuminate\Container\Container->offsetGet('Illuminate\\Cont...')
#7 /Users/wesson/projects/kolizey/vendor/laravel/framework/src/Illuminate/Support/Facades/Facade.php(207): Illuminate\Support\Facades\Facade::resolveFacadeInstance('Illuminate\\Cont...')
#8 /Users/wesson/projects/kolizey/vendor/laravel/framework/src/Illuminate/Support/Facades/Facade.php(347): Illuminate\Support\Facades\Facade::getFacadeRoot()
#9 Command line code(1): Illuminate\Support\Facades\Facade::__callStatic('abilities', Array)
#10 {main}
  thrown {"exception":"[object] (Symfony\\Component\\ErrorHandler\\Error\\FatalError(code: 0): Uncaught Illuminate\\Contracts\\Container\\BindingResolutionException: Target [Illuminate\\Contracts\\Auth\\Access\\Gate] is not instantiable. in /Users/wesson/projects/kolizey/vendor/laravel/framework/src/Illuminate/Container/Container.php:1126
Stack trace:
#0 /Users/wesson/projects/kolizey/vendor/laravel/framework/src/Illuminate/Container/Container.php(921): Illuminate\\Container\\Container->notInstantiable('Illuminate\\\\Cont...')
#1 /Users/wesson/projects/kolizey/vendor/laravel/framework/src/Illuminate/Container/Container.php(795): Illuminate\\Container\\Container->build('Illuminate\\\\Cont...')
#2 /Users/wesson/projects/kolizey/vendor/laravel/framework/src/Illuminate/Foundation/Application.php(937): Illuminate\\Container\\Container->resolve('Illuminate\\\\Cont...', Array, true)
#3 /Users/wesson/projects/kolizey/vendor/laravel/framework/src/Illuminate/Container/Container.php(731): Illuminate\\Foundation\\Application->resolve('Illuminate\\\\Cont...', Array)
#4 /Users/wesson/projects/kolizey/vendor/laravel/framework/src/Illuminate/Foundation/Application.php(922): Illuminate\\Container\\Container->make('Illuminate\\\\Cont...', Array)
#5 /Users/wesson/projects/kolizey/vendor/laravel/framework/src/Illuminate/Container/Container.php(1454): Illuminate\\Foundation\\Application->make('Illuminate\\\\Cont...')
#6 /Users/wesson/projects/kolizey/vendor/laravel/framework/src/Illuminate/Support/Facades/Facade.php(236): Illuminate\\Container\\Container->offsetGet('Illuminate\\\\Cont...')
#7 /Users/wesson/projects/kolizey/vendor/laravel/framework/src/Illuminate/Support/Facades/Facade.php(207): Illuminate\\Support\\Facades\\Facade::resolveFacadeInstance('Illuminate\\\\Cont...')
#8 /Users/wesson/projects/kolizey/vendor/laravel/framework/src/Illuminate/Support/Facades/Facade.php(347): Illuminate\\Support\\Facades\\Facade::getFacadeRoot()
#9 Command line code(1): Illuminate\\Support\\Facades\\Facade::__callStatic('abilities', Array)
#10 {main}
  thrown at /Users/wesson/projects/kolizey/vendor/laravel/framework/src/Illuminate/Container/Container.php:1126)
[stacktrace]
#0 {main}
"} 
[2023-09-23 18:21:19] local.ERROR: The /Users/wesson/projects/kolizey/.runtime/cache directory must be present and writable. {"exception":"[object] (Exception(code: 0): The /Users/wesson/projects/kolizey/.runtime/cache directory must be present and writable. at /Users/wesson/projects/kolizey/vendor/laravel/framework/src/Illuminate/Foundation/PackageManifest.php:178)
[stacktrace]
#0 /Users/wesson/projects/kolizey/vendor/laravel/framework/src/Illuminate/Foundation/PackageManifest.php(131): Illuminate\\Foundation\\PackageManifest->write(Array)
#1 /Users/wesson/projects/kolizey/vendor/laravel/framework/src/Illuminate/Foundation/PackageManifest.php(107): Illuminate\\Foundation\\PackageManifest->build()
#2 /Users/wesson/projects/kolizey/vendor/laravel/framework/src/Illuminate/Foundation/PackageManifest.php(90): Illuminate\\Foundation\\PackageManifest->getManifest()
#3 /Users/wesson/projects/kolizey/vendor/laravel/framework/src/Illuminate/Foundation/PackageManifest.php(79): Illuminate\\Foundation\\PackageManifest->config('aliases')
#4 /Users/wesson/projects/kolizey/vendor/laravel/framework/src/Illuminate/Foundation/Bootstrap/RegisterFacades.php(26): Illuminate\\Foundation\\PackageManifest->aliases()
#5 /Users/wesson/projects/kolizey/vendor/laravel/framework/src/Illuminate/Foundation/Application.php(261): Illuminate\\Foundation\\Bootstrap\\RegisterFacades->bootstrap(Object(Illuminate\\Foundation\\Application))
#6 /Users/wesson/projects/kolizey/vendor/laravel/framework/src/Illuminate/Foundation/Console/Kernel.php(447): Illuminate\\Foundation\\Application->bootstrapWith(Array)
#7 /Users/wesson/projects/kolizey/vendor/laravel/framework/src/Illuminate/Foundation/Console/Kernel.php(199): Illuminate\\Foundation\\Console\\Kernel->bootstrap()
#8 Command line code(1): Illuminate\\Foundation\\Console\\Kernel->handle(Object(Symfony\\Component\\Console\\Input\\ArgvInput), Object(Symfony\\Component\\Console\\Output\\ConsoleOutput))
#9 {main}
"} 
[2023-09-23 18:25:32] local.ERROR: The /app/.runtime/cache directory must be present and writable. {"exception":"[object] (Exception(code: 0): The /app/.runtime/cache directory must be present and writable. at /app/vendor/laravel/framework/src/Illuminate/Foundation/PackageManifest.php:178)
[stacktrace]
#0 /app/vendor/laravel/framework/src/Illuminate/Foundation/PackageManifest.php(131): Illuminate\\Foundation\\PackageManifest->write(Array)
#1 /app/vendor/laravel/framework/src/Illuminate/Foundation/PackageManifest.php(107): Illuminate\\Foundation\\PackageManifest->build()
#2 /app/vendor/laravel/framework/src/Illuminate/Foundation/PackageManifest.php(90): Illuminate\\Foundation\\PackageManifest->getManifest()
#3 /app/vendor/laravel/framework/src/Illuminate/Foundation/PackageManifest.php(79): Illuminate\\Foundation\\PackageManifest->config('aliases')
#4 /app/vendor/laravel/framework/src/Illuminate/Foundation/Bootstrap/RegisterFacades.php(26): Illuminate\\Foundation\\PackageManifest->aliases()
#5 /app/vendor/laravel/framework/src/Illuminate/Foundation/Application.php(261): Illuminate\\Foundation\\Bootstrap\\RegisterFacades->bootstrap(Object(Illuminate\\Foundation\\Application))
#6 /app/vendor/laravel/framework/src/Illuminate/Foundation/Console/Kernel.php(447): Illuminate\\Foundation\\Application->bootstrapWith(Array)
#7 /app/vendor/laravel/framework/src/Illuminate/Foundation/Console/Kernel.php(199): Illuminate\\Foundation\\Console\\Kernel->bootstrap()
#8 /app/artisan(35): Illuminate\\Foundation\\Console\\Kernel->handle(Object(Symfony\\Component\\Console\\Input\\ArgvInput), Object(Symfony\\Component\\Console\\Output\\ConsoleOutput))
#9 {main}
"} 
[2023-09-23 18:26:07] local.ERROR: require(/app/routes/console.php): Failed to open stream: No such file or directory {"exception":"[object] (ErrorException(code: 0): require(/app/routes/console.php): Failed to open stream: No such file or directory at /app/app/Console/Kernel.php:25)
[stacktrace]
#0 /app/vendor/laravel/framework/src/Illuminate/Foundation/Bootstrap/HandleExceptions.php(254): Illuminate\\Foundation\\Bootstrap\\HandleExceptions->handleError(2, 'require(/app/ro...', '/app/app/Consol...', 25)
#1 /app/app/Console/Kernel.php(25): Illuminate\\Foundation\\Bootstrap\\HandleExceptions->Illuminate\\Foundation\\Bootstrap\\{closure}(2, 'require(/app/ro...', '/app/app/Consol...', 25)
#2 /app/app/Console/Kernel.php(25): require('/app/vendor/lar...')
#3 /app/vendor/laravel/framework/src/Illuminate/Foundation/Console/Kernel.php(453): App\\Console\\Kernel->commands()
#4 /app/vendor/laravel/framework/src/Illuminate/Foundation/Console/Kernel.php(199): Illuminate\\Foundation\\Console\\Kernel->bootstrap()
#5 /app/artisan(35): Illuminate\\Foundation\\Console\\Kernel->handle(Object(Symfony\\Component\\Console\\Input\\ArgvInput), Object(Symfony\\Component\\Console\\Output\\ConsoleOutput))
#6 {main}
"} 
